
    
<-<-<================================================================================>->->
    File generated by leekslazylogger v2.0.7 by eartharoid (leeks.js.org/logger)
    DiscordTickets | Log File
    Saturday, 27th February 2021, 16:43 pm (undefined) -->
    Node: v15.4.0 on 'Windows' | Time format: 'HH:mm:ss' | Date format: 'YYYY-MM-DD'
<-<-<================================================================================>->->


[16:43:24 | INFO] Using SQLite storage
[16:43:29 | INFO] > Loaded debug event
[16:43:29 | INFO] > Loaded error event
[16:43:29 | INFO] > Loaded message event
[16:43:29 | INFO] > Loaded messageDelete event
[16:43:29 | INFO] > Loaded messageReactionAdd event
[16:43:29 | INFO] > Loaded messageUpdate event
[16:43:29 | INFO] > Loaded rateLimit event
[16:43:29 | INFO] > Loaded ready event
[16:43:29 | INFO] > Loaded warn event
[16:43:29 | INFO] > Loaded -add command
[16:43:29 | INFO] > Loaded -close command
[16:43:29 | INFO] > Loaded -closeall command
[16:43:29 | INFO] > Loaded -delete command
[16:43:29 | INFO] > Loaded -help command
[16:43:29 | INFO] > Loaded -new command
[16:43:29 | INFO] > Loaded -panel command
[16:43:29 | INFO] > Loaded -remove command
[16:43:29 | INFO] > Loaded -rename command
[16:43:29 | INFO] > Loaded -stats command
[16:43:29 | INFO] > Loaded -tickets command
[16:43:29 | INFO] > Loaded -topic command
[16:43:29 | INFO] > Loaded -transcript command
[16:43:29 | INFO] > Loaded -transfer command
[16:43:29 | INFO] Loaded 9 events and 14 commands
[16:43:30 | INFO] Authenticated as Ticket#4665
[16:43:30 | WARN] An error was not caught
[16:43:30 | WARN] Uncaught TypeError: Cannot read property 'member' of undefined
[16:43:30 | ERROR] TypeError: Cannot read property 'member' of undefined
    at Object.execute (C:\Users\NEWHITS\Desktop\Development\Discord Bots\DiscordTickets-master\src\events\ready.js:37:44)
    at Client.<anonymous> (C:\Users\NEWHITS\Desktop\Development\Discord Bots\DiscordTickets-master\src\index.js:130:68)
    at Client.emit (node:events:376:20)
    at WebSocketManager.triggerClientReady (C:\Users\NEWHITS\Desktop\Development\Discord Bots\DiscordTickets-master\node_modules\discord.js\src\client\websocket\WebSocketManager.js:431:17)
    at WebSocketManager.checkShardsReady (C:\Users\NEWHITS\Desktop\Development\Discord Bots\DiscordTickets-master\node_modules\discord.js\src\client\websocket\WebSocketManager.js:415:10)
    at WebSocketShard.<anonymous> (C:\Users\NEWHITS\Desktop\Development\Discord Bots\DiscordTickets-master\node_modules\discord.js\src\client\websocket\WebSocketManager.js:197:14)
    at WebSocketShard.emit (node:events:376:20)
    at WebSocketShard.checkReady (C:\Users\NEWHITS\Desktop\Development\Discord Bots\DiscordTickets-master\node_modules\discord.js\src\client\websocket\WebSocketShard.js:475:12)
    at WebSocketShard.onPacket (C:\Users\NEWHITS\Desktop\Development\Discord Bots\DiscordTickets-master\node_modules\discord.js\src\client\websocket\WebSocketShard.js:447:16)
    at WebSocketShard.onMessage (C:\Users\NEWHITS\Desktop\Development\Discord Bots\DiscordTickets-master\node_modules\discord.js\src\client\websocket\WebSocketShard.js:301:10)
[16:43:50 | WARN] An error was not caught
[16:43:50 | WARN] Uncaught TypeError: Cannot read property 'id' of undefined
[16:43:50 | ERROR] TypeError: Cannot read property 'id' of undefined
    at Object.execute (C:\Users\NEWHITS\Desktop\Development\Discord Bots\DiscordTickets-master\src\events\message.js:59:34)
[16:43:52 | WARN] An error was not caught
[16:43:52 | WARN] Uncaught TypeError: Cannot read property 'id' of undefined
[16:43:52 | ERROR] TypeError: Cannot read property 'id' of undefined
    at Object.execute (C:\Users\NEWHITS\Desktop\Development\Discord Bots\DiscordTickets-master\src\events\message.js:59:34)
[16:43:54 | WARN] An error was not caught
[16:43:54 | WARN] Uncaught TypeError: Cannot read property 'id' of undefined
[16:43:54 | ERROR] TypeError: Cannot read property 'id' of undefined
    at Object.execute (C:\Users\NEWHITS\Desktop\Development\Discord Bots\DiscordTickets-master\src\events\message.js:59:34)
[16:44:39 | WARN] An error was not caught
[16:44:39 | WARN] Uncaught TypeError: Cannot read property 'id' of undefined
[16:44:39 | ERROR] TypeError: Cannot read property 'id' of undefined
    at Object.execute (C:\Users\NEWHITS\Desktop\Development\Discord Bots\DiscordTickets-master\src\events\message.js:59:34)

    
<-<-<================================================================================>->->
    File generated by leekslazylogger v2.0.7 by eartharoid (leeks.js.org/logger)
    DiscordTickets | Log File
    Saturday, 27th February 2021, 16:45 pm (undefined) -->
    Node: v15.4.0 on 'Windows' | Time format: 'HH:mm:ss' | Date format: 'YYYY-MM-DD'
<-<-<================================================================================>->->


[16:45:29 | INFO] Using SQLite storage
[16:45:29 | INFO] > Loaded debug event
[16:45:29 | INFO] > Loaded error event
[16:45:29 | INFO] > Loaded message event
[16:45:29 | INFO] > Loaded messageDelete event
[16:45:29 | INFO] > Loaded messageReactionAdd event
[16:45:29 | INFO] > Loaded messageUpdate event
[16:45:29 | INFO] > Loaded rateLimit event
[16:45:29 | INFO] > Loaded ready event
[16:45:29 | INFO] > Loaded warn event
[16:45:29 | INFO] > Loaded -add command
[16:45:29 | INFO] > Loaded -close command
[16:45:29 | INFO] > Loaded -closeall command
[16:45:29 | INFO] > Loaded -delete command
[16:45:29 | INFO] > Loaded -help command
[16:45:29 | INFO] > Loaded -new command
[16:45:29 | INFO] > Loaded -panel command
[16:45:29 | INFO] > Loaded -remove command
[16:45:29 | INFO] > Loaded -rename command
[16:45:29 | INFO] > Loaded -stats command
[16:45:29 | INFO] > Loaded -tickets command
[16:45:29 | INFO] > Loaded -topic command
[16:45:29 | INFO] > Loaded -transcript command
[16:45:29 | INFO] > Loaded -transfer command
[16:45:29 | INFO] Loaded 9 events and 14 commands
[16:45:29 | INFO] Authenticated as Ticket#4665
[16:45:29 | WARN] An error was not caught
[16:45:29 | WARN] Uncaught TypeError: Cannot read property 'member' of undefined
[16:45:29 | ERROR] TypeError: Cannot read property 'member' of undefined
    at Object.execute (C:\Users\NEWHITS\Desktop\Development\Discord Bots\DiscordTickets-master\src\events\ready.js:29:44)
    at Client.<anonymous> (C:\Users\NEWHITS\Desktop\Development\Discord Bots\DiscordTickets-master\src\index.js:130:68)
    at Client.emit (node:events:376:20)
    at WebSocketManager.triggerClientReady (C:\Users\NEWHITS\Desktop\Development\Discord Bots\DiscordTickets-master\node_modules\discord.js\src\client\websocket\WebSocketManager.js:431:17)
    at WebSocketManager.checkShardsReady (C:\Users\NEWHITS\Desktop\Development\Discord Bots\DiscordTickets-master\node_modules\discord.js\src\client\websocket\WebSocketManager.js:415:10)
    at WebSocketShard.<anonymous> (C:\Users\NEWHITS\Desktop\Development\Discord Bots\DiscordTickets-master\node_modules\discord.js\src\client\websocket\WebSocketManager.js:197:14)
    at WebSocketShard.emit (node:events:376:20)
    at WebSocketShard.checkReady (C:\Users\NEWHITS\Desktop\Development\Discord Bots\DiscordTickets-master\node_modules\discord.js\src\client\websocket\WebSocketShard.js:475:12)
    at WebSocketShard.onPacket (C:\Users\NEWHITS\Desktop\Development\Discord Bots\DiscordTickets-master\node_modules\discord.js\src\client\websocket\WebSocketShard.js:447:16)
    at WebSocketShard.onMessage (C:\Users\NEWHITS\Desktop\Development\Discord Bots\DiscordTickets-master\node_modules\discord.js\src\client\websocket\WebSocketShard.js:301:10)

    
<-<-<================================================================================>->->
    File generated by leekslazylogger v2.0.7 by eartharoid (leeks.js.org/logger)
    DiscordTickets | Log File
    Saturday, 27th February 2021, 16:47 pm (undefined) -->
    Node: v15.4.0 on 'Windows' | Time format: 'HH:mm:ss' | Date format: 'YYYY-MM-DD'
<-<-<================================================================================>->->


[16:47:38 | INFO] Using SQLite storage
[16:47:38 | INFO] > Loaded debug event
[16:47:38 | INFO] > Loaded error event
[16:47:38 | INFO] > Loaded message event
[16:47:38 | INFO] > Loaded messageDelete event
[16:47:38 | INFO] > Loaded messageReactionAdd event
[16:47:38 | INFO] > Loaded messageUpdate event
[16:47:38 | INFO] > Loaded rateLimit event
[16:47:38 | INFO] > Loaded ready event
[16:47:38 | INFO] > Loaded warn event
[16:47:38 | INFO] > Loaded -add command
[16:47:38 | INFO] > Loaded -close command
[16:47:38 | INFO] > Loaded -closeall command
[16:47:38 | INFO] > Loaded -delete command
[16:47:38 | INFO] > Loaded -help command
[16:47:38 | INFO] > Loaded -new command
[16:47:38 | INFO] > Loaded -panel command
[16:47:38 | INFO] > Loaded -remove command
[16:47:38 | INFO] > Loaded -rename command
[16:47:38 | INFO] > Loaded -stats command
[16:47:38 | INFO] > Loaded -tickets command
[16:47:38 | INFO] > Loaded -topic command
[16:47:38 | INFO] > Loaded -transcript command
[16:47:38 | INFO] > Loaded -transfer command
[16:47:38 | INFO] Loaded 9 events and 14 commands
[16:47:39 | INFO] Authenticated as Ticket#4665
[16:47:39 | INFO] 'ADMINISTRATOR' permission has been granted
[16:47:50 | INFO] NewHits#0001 used the 'help' command
[16:48:02 | INFO] NewHits#0001 used the 'panel' command
[16:48:03 | INFO] NewHits#0001 created a panel widget
[16:48:09 | INFO] NewHits#0001 created a new ticket (#ticket-1) via panel
